<?xml version="1.0" encoding="UTF-8"?>
<!-- Generated by org.testng.reporters.JUnitXMLReporter -->
<testsuite ignored="2" hostname="TYSS-Sunil" failures="0" tests="1" name="Default test" time="0.049" errors="0" timestamp="2023-07-13T18:37:05 IST">
  <testcase classname="com.mastorly.testcase.BaseClass" name="@BeforeTest baseTest" time="-1.68925362525E9">
    <failure type="org.testng.TestNGException" message="
Parameter &amp;apos;browser&amp;apos; is required by BeforeTest on method baseTest but has not been marked @Optional or defined
in C:\Users\User.TYSS-RAJESHWAR\AppData\Local\Temp\testng-eclipse-101357294\testng-customsuite.xml">
      <![CDATA[org.testng.TestNGException: 
Parameter 'browser' is required by BeforeTest on method baseTest but has not been marked @Optional or defined
in C:\Users\User.TYSS-RAJESHWAR\AppData\Local\Temp\testng-eclipse-101357294\testng-customsuite.xml
at org.testng.internal.Parameters.createParams(Parameters.java:267)
at org.testng.internal.Parameters.createParametersForMethod(Parameters.java:355)
at org.testng.internal.Parameters.createParameters(Parameters.java:684)
at org.testng.internal.Parameters.createConfigurationParameters(Parameters.java:166)
at org.testng.internal.invokers.ConfigInvoker.invokeConfigurations(ConfigInvoker.java:306)
at org.testng.TestRunner.invokeTestConfigurations(TestRunner.java:663)
at org.testng.TestRunner.beforeRun(TestRunner.java:652)
at org.testng.TestRunner.run(TestRunner.java:614)
at org.testng.SuiteRunner.runTest(SuiteRunner.java:443)
at org.testng.SuiteRunner.runSequentially(SuiteRunner.java:437)
at org.testng.SuiteRunner.privateRun(SuiteRunner.java:397)
at org.testng.SuiteRunner.run(SuiteRunner.java:336)
at org.testng.SuiteRunnerWorker.runSuite(SuiteRunnerWorker.java:52)
at org.testng.SuiteRunnerWorker.run(SuiteRunnerWorker.java:95)
at org.testng.TestNG.runSuitesSequentially(TestNG.java:1280)
at org.testng.TestNG.runSuitesLocally(TestNG.java:1200)
at org.testng.TestNG.runSuites(TestNG.java:1114)
at org.testng.TestNG.run(TestNG.java:1082)
at org.testng.remote.AbstractRemoteTestNG.run(AbstractRemoteTestNG.java:115)
at org.testng.remote.RemoteTestNG.initAndRun(RemoteTestNG.java:251)
at org.testng.remote.RemoteTestNG.main(RemoteTestNG.java:77)
]]>
    </failure>
  </testcase> <!-- @BeforeTest baseTest -->
  <testcase classname="com.mastorly.testcase.InstituteSetup" name="TestCase_3" time="0.001">
    <skipped/>
  </testcase> <!-- TestCase_3 -->
  <testcase classname="com.mastorly.testcase.InstituteSetup" name="TestCase_1" time="0.0">
    <ignored/>
  </testcase> <!-- TestCase_1 -->
  <testcase classname="com.mastorly.testcase.InstituteSetup" name="TestCase_2" time="0.0">
    <ignored/>
  </testcase> <!-- TestCase_2 -->
</testsuite> <!-- Default test -->
